[debug] [2024-05-08T06:02:19.352Z] ----------------------------------------------------------------------
[debug] [2024-05-08T06:02:19.354Z] Command:       C:\Program Files\nodejs\node.exe C:\Users\Eugene\AppData\Roaming\npm\node_modules\firebase-tools\lib\bin\firebase.js init hosting
[debug] [2024-05-08T06:02:19.355Z] CLI Version:   13.8.0
[debug] [2024-05-08T06:02:19.355Z] Platform:      win32
[debug] [2024-05-08T06:02:19.355Z] Node Version:  v20.9.0
[debug] [2024-05-08T06:02:19.355Z] Time:          Wed May 08 2024 09:02:19 GMT+0300 (Израиль, летнее время)
[debug] [2024-05-08T06:02:19.355Z] ----------------------------------------------------------------------
[debug] 
[debug] [2024-05-08T06:02:19.361Z] > command requires scopes: ["email","openid","https://www.googleapis.com/auth/cloudplatformprojects.readonly","https://www.googleapis.com/auth/firebase","https://www.googleapis.com/auth/cloud-platform"]
[debug] [2024-05-08T06:02:19.361Z] > authorizing via signed-in user (bronxsesh@gmail.com)
[info] 
     ######## #### ########  ######## ########     ###     ######  ########
     ##        ##  ##     ## ##       ##     ##  ##   ##  ##       ##
     ######    ##  ########  ######   ########  #########  ######  ######
     ##        ##  ##    ##  ##       ##     ## ##     ##       ## ##
     ##       #### ##     ## ######## ########  ##     ##  ######  ########

You're about to initialize a Firebase project in this directory:

  C:\Users\Eugene\Desktop\onoAvadot\Project3\src\app

[info] 
=== Project Setup
[info] 
[info] First, let's associate this project directory with a Firebase project.
[info] You can create multiple project aliases by running firebase use --add, 
[info] but for now we'll just set up a default project.
[info] 
[debug] [2024-05-08T06:03:12.717Z] >>> [apiv2][query] GET https://firebase.googleapis.com/v1beta1/projects pageSize=100
[debug] [2024-05-08T06:03:13.375Z] <<< [apiv2][status] GET https://firebase.googleapis.com/v1beta1/projects 200
[debug] [2024-05-08T06:03:13.375Z] <<< [apiv2][body] GET https://firebase.googleapis.com/v1beta1/projects [omitted]
[info] i  Using project littlelinguist-8f681 (LittleLinguist) 
[info] 
=== Hosting Setup
[debug] [2024-05-08T06:03:17.488Z] >>> [apiv2][query] GET https://firebase.googleapis.com/v1beta1/projects/littlelinguist-8f681 [none]
[debug] [2024-05-08T06:03:17.838Z] <<< [apiv2][status] GET https://firebase.googleapis.com/v1beta1/projects/littlelinguist-8f681 200
[debug] [2024-05-08T06:03:17.838Z] <<< [apiv2][body] GET https://firebase.googleapis.com/v1beta1/projects/littlelinguist-8f681 {"projectId":"littlelinguist-8f681","projectNumber":"874882259141","displayName":"LittleLinguist","name":"projects/littlelinguist-8f681","resources":{"hostingSite":"littlelinguist-8f681"},"state":"ACTIVE","etag":"1_af7292a1-b0ff-405d-a28e-ef338c6ce6de"}
[debug] [2024-05-08T06:06:49.236Z] ----------------------------------------------------------------------
[debug] [2024-05-08T06:06:49.239Z] Command:       C:\Program Files\nodejs\node.exe C:\Users\Eugene\AppData\Roaming\npm\node_modules\firebase-tools\lib\bin\firebase.js init hosting
[debug] [2024-05-08T06:06:49.240Z] CLI Version:   13.8.0
[debug] [2024-05-08T06:06:49.240Z] Platform:      win32
[debug] [2024-05-08T06:06:49.241Z] Node Version:  v20.9.0
[debug] [2024-05-08T06:06:49.241Z] Time:          Wed May 08 2024 09:06:49 GMT+0300 (Израиль, летнее время)
[debug] [2024-05-08T06:06:49.241Z] ----------------------------------------------------------------------
[debug] 
[debug] [2024-05-08T06:06:49.250Z] > command requires scopes: ["email","openid","https://www.googleapis.com/auth/cloudplatformprojects.readonly","https://www.googleapis.com/auth/firebase","https://www.googleapis.com/auth/cloud-platform"]
[debug] [2024-05-08T06:06:49.250Z] > authorizing via signed-in user (bronxsesh@gmail.com)
[info] 
     ######## #### ########  ######## ########     ###     ######  ########
     ##        ##  ##     ## ##       ##     ##  ##   ##  ##       ##
     ######    ##  ########  ######   ########  #########  ######  ######
     ##        ##  ##    ##  ##       ##     ## ##     ##       ## ##
     ##       #### ##     ## ######## ########  ##     ##  ######  ########

You're about to initialize a Firebase project in this directory:

  C:\Users\Eugene\Desktop\onoAvadot\Project3\src\app

[info] 
=== Project Setup
[info] 
[info] First, let's associate this project directory with a Firebase project.
[info] You can create multiple project aliases by running firebase use --add, 
[info] but for now we'll just set up a default project.
[info] 
[debug] [2024-05-08T06:06:56.179Z] >>> [apiv2][query] GET https://firebase.googleapis.com/v1beta1/projects pageSize=100
[debug] [2024-05-08T06:06:56.861Z] <<< [apiv2][status] GET https://firebase.googleapis.com/v1beta1/projects 200
[debug] [2024-05-08T06:06:56.862Z] <<< [apiv2][body] GET https://firebase.googleapis.com/v1beta1/projects [omitted]
[info] i  Using project littlelinguist-8f681 (LittleLinguist) 
[info] 
=== Hosting Setup
[debug] [2024-05-08T06:07:00.018Z] >>> [apiv2][query] GET https://firebase.googleapis.com/v1beta1/projects/littlelinguist-8f681 [none]
[debug] [2024-05-08T06:07:00.268Z] <<< [apiv2][status] GET https://firebase.googleapis.com/v1beta1/projects/littlelinguist-8f681 200
[debug] [2024-05-08T06:07:00.269Z] <<< [apiv2][body] GET https://firebase.googleapis.com/v1beta1/projects/littlelinguist-8f681 {"projectId":"littlelinguist-8f681","projectNumber":"874882259141","displayName":"LittleLinguist","name":"projects/littlelinguist-8f681","resources":{"hostingSite":"littlelinguist-8f681"},"state":"ACTIVE","etag":"1_af7292a1-b0ff-405d-a28e-ef338c6ce6de"}
[debug] [2024-05-08T06:07:35.163Z] ----------------------------------------------------------------------
[debug] [2024-05-08T06:07:35.167Z] Command:       C:\Program Files\nodejs\node.exe C:\Users\Eugene\AppData\Roaming\npm\node_modules\firebase-tools\lib\bin\firebase.js init
[debug] [2024-05-08T06:07:35.168Z] CLI Version:   13.8.0
[debug] [2024-05-08T06:07:35.168Z] Platform:      win32
[debug] [2024-05-08T06:07:35.168Z] Node Version:  v20.9.0
[debug] [2024-05-08T06:07:35.169Z] Time:          Wed May 08 2024 09:07:35 GMT+0300 (Израиль, летнее время)
[debug] [2024-05-08T06:07:35.169Z] ----------------------------------------------------------------------
[debug] 
[debug] [2024-05-08T06:07:35.178Z] > command requires scopes: ["email","openid","https://www.googleapis.com/auth/cloudplatformprojects.readonly","https://www.googleapis.com/auth/firebase","https://www.googleapis.com/auth/cloud-platform"]
[debug] [2024-05-08T06:07:35.179Z] > authorizing via signed-in user (bronxsesh@gmail.com)
[info] 
     ######## #### ########  ######## ########     ###     ######  ########
     ##        ##  ##     ## ##       ##     ##  ##   ##  ##       ##
     ######    ##  ########  ######   ########  #########  ######  ######
     ##        ##  ##    ##  ##       ##     ## ##     ##       ## ##
     ##       #### ##     ## ######## ########  ##     ##  ######  ########

You're about to initialize a Firebase project in this directory:

  C:\Users\Eugene\Desktop\onoAvadot\Project3\src\app

[info] 
=== Project Setup
[info] 
[info] First, let's associate this project directory with a Firebase project.
[info] You can create multiple project aliases by running firebase use --add, 
[info] but for now we'll just set up a default project.
[info] 
[debug] [2024-05-08T06:07:47.963Z] >>> [apiv2][query] GET https://firebase.googleapis.com/v1beta1/projects pageSize=100
[debug] [2024-05-08T06:07:48.521Z] <<< [apiv2][status] GET https://firebase.googleapis.com/v1beta1/projects 200
[debug] [2024-05-08T06:07:48.521Z] <<< [apiv2][body] GET https://firebase.googleapis.com/v1beta1/projects [omitted]
[info] i  Using project littlelinguist-8f681 (LittleLinguist) 
[info] 
=== Hosting Setup
[debug] [2024-05-08T06:07:49.986Z] >>> [apiv2][query] GET https://firebase.googleapis.com/v1beta1/projects/littlelinguist-8f681 [none]
[debug] [2024-05-08T06:07:50.239Z] <<< [apiv2][status] GET https://firebase.googleapis.com/v1beta1/projects/littlelinguist-8f681 200
[debug] [2024-05-08T06:07:50.240Z] <<< [apiv2][body] GET https://firebase.googleapis.com/v1beta1/projects/littlelinguist-8f681 {"projectId":"littlelinguist-8f681","projectNumber":"874882259141","displayName":"LittleLinguist","name":"projects/littlelinguist-8f681","resources":{"hostingSite":"littlelinguist-8f681"},"state":"ACTIVE","etag":"1_af7292a1-b0ff-405d-a28e-ef338c6ce6de"}
[info] 
[info] Your public directory is the folder (relative to your project directory) that
[info] will contain Hosting assets to be uploaded with firebase deploy. If you
[info] have a build process for your assets, use your build's output directory.
[info] 
[debug] [2024-05-08T06:08:03.011Z] ----------------------------------------------------------------------
[debug] [2024-05-08T06:08:03.015Z] Command:       C:\Program Files\nodejs\node.exe C:\Users\Eugene\AppData\Roaming\npm\node_modules\firebase-tools\lib\bin\firebase.js init
[debug] [2024-05-08T06:08:03.015Z] CLI Version:   13.8.0
[debug] [2024-05-08T06:08:03.016Z] Platform:      win32
[debug] [2024-05-08T06:08:03.016Z] Node Version:  v20.9.0
[debug] [2024-05-08T06:08:03.016Z] Time:          Wed May 08 2024 09:08:03 GMT+0300 (Израиль, летнее время)
[debug] [2024-05-08T06:08:03.016Z] ----------------------------------------------------------------------
[debug] 
[debug] [2024-05-08T06:08:03.025Z] > command requires scopes: ["email","openid","https://www.googleapis.com/auth/cloudplatformprojects.readonly","https://www.googleapis.com/auth/firebase","https://www.googleapis.com/auth/cloud-platform"]
[debug] [2024-05-08T06:08:03.025Z] > authorizing via signed-in user (bronxsesh@gmail.com)
[info] 
     ######## #### ########  ######## ########     ###     ######  ########
     ##        ##  ##     ## ##       ##     ##  ##   ##  ##       ##
     ######    ##  ########  ######   ########  #########  ######  ######
     ##        ##  ##    ##  ##       ##     ## ##     ##       ## ##
     ##       #### ##     ## ######## ########  ##     ##  ######  ########

You're about to initialize a Firebase project in this directory:

  C:\Users\Eugene\Desktop\onoAvadot\Project3\src\app

[info] 
=== Project Setup
[info] 
[info] First, let's associate this project directory with a Firebase project.
[info] You can create multiple project aliases by running firebase use --add, 
[info] but for now we'll just set up a default project.
[info] 
[debug] [2024-05-08T06:08:41.410Z] >>> [apiv2][query] GET https://firebase.googleapis.com/v1beta1/projects pageSize=100
[debug] [2024-05-08T06:08:41.992Z] <<< [apiv2][status] GET https://firebase.googleapis.com/v1beta1/projects 200
[debug] [2024-05-08T06:08:41.993Z] <<< [apiv2][body] GET https://firebase.googleapis.com/v1beta1/projects [omitted]
[info] i  Using project littlelinguist-8f681 (LittleLinguist) 
[info] 
=== Hosting Setup
[debug] [2024-05-08T06:08:44.035Z] >>> [apiv2][query] GET https://firebase.googleapis.com/v1beta1/projects/littlelinguist-8f681 [none]
[debug] [2024-05-08T06:08:44.402Z] <<< [apiv2][status] GET https://firebase.googleapis.com/v1beta1/projects/littlelinguist-8f681 200
[debug] [2024-05-08T06:08:44.403Z] <<< [apiv2][body] GET https://firebase.googleapis.com/v1beta1/projects/littlelinguist-8f681 {"projectId":"littlelinguist-8f681","projectNumber":"874882259141","displayName":"LittleLinguist","name":"projects/littlelinguist-8f681","resources":{"hostingSite":"littlelinguist-8f681"},"state":"ACTIVE","etag":"1_af7292a1-b0ff-405d-a28e-ef338c6ce6de"}
[debug] [2024-05-08T06:10:13.615Z] Error: Command failed: npx --yes -p @angular/cli@"14 - 17" ng new littlelinguist-8f681 --directory hosting --skip-git
    at checkExecSyncError (node:child_process:890:11)
    at execSync (node:child_process:962:15)
    at Object.init (C:\Users\Eugene\AppData\Roaming\npm\node_modules\firebase-tools\lib\frameworks\angular\index.js:29:34)
    at doSetup (C:\Users\Eugene\AppData\Roaming\npm\node_modules\firebase-tools\lib\init\features\hosting\index.js:120:76)
    at process.processTicksAndRejections (node:internal/process/task_queues:95:5)
    at async init (C:\Users\Eugene\AppData\Roaming\npm\node_modules\firebase-tools\lib\init\index.js:38:9)
[error] 
[error] Error: An unexpected error has occurred.
